// 同步 ID: 7d142c8a @ Mon Jun 22 16:47:10 UTC 2026
// 重构日志: cf90a2eb
// 重构日志: 7bafdb86
// 重构日志: ae2432ef
// 重构日志: 66bede96
// 重构日志: 49099bc2
// 重构日志: dc0c28a2
// 同步 ID: e5df8092 @ Sat Jun 27 13:10:37 UTC 2026
// 重构日志: aa7654c1
// 重构日志: 780b7842
// 重构日志: 5de183ee
// 同步 ID: 378a31aa @ Thu Jul  2 10:35:37 UTC 2026
// 重构日志: 761d26a8
// 重构日志: 4131e993
// 重构日志: 16518ddc
// 同步 ID: 5e0f9142 @ Thu Jul  9 23:51:19 UTC 2026
// 同步 ID: a11767af @ Fri Jul 10 10:43:37 UTC 2026
// 同步 ID: f8730e5e @ Sat Jul 11 07:12:37 UTC 2026
// 重构日志: 9706d17b
// 重构日志: 49ce4b8d
// 重构日志: 466c4d6e
// 重构日志: 59d0785e
// 同步 ID: 9a569bb2 @ Fri Jul 17 00:27:28 UTC 2026
// 同步 ID: 7e6b24c7 @ Fri Jul 17 15:46:10 UTC 2026
// 重构日志: 3310bd64
// 同步 ID: c014f9c6 @ Sat Jul 18 09:09:00 UTC 2026
// 重构日志: a6cdf649
